<?xml version="1.0" encoding="UTF-8"?>
<checkstyle version="10.19.0">
<file name="C:\Users\kenan\IdeaProjects\Krankenhaus\src\main\java\com\acme\Krankenhaus\Application.java">
<error line="24" column="8" severity="error" message="Nicht verwendeter Import - org.springframework.context.annotation.ImportRuntimeHints." source="com.puppycrawl.tools.checkstyle.checks.imports.UnusedImportsCheck"/>
<error line="25" column="8" severity="error" message="Nicht verwendeter Import - org.springframework.hateoas.config.EnableHypermediaSupport." source="com.puppycrawl.tools.checkstyle.checks.imports.UnusedImportsCheck"/>
<error line="27" column="15" severity="error" message="Nicht verwendeter Import - org.springframework.hateoas.config.EnableHypermediaSupport.HypermediaType.HAL." source="com.puppycrawl.tools.checkstyle.checks.imports.UnusedImportsCheck"/>
<error line="28" column="15" severity="error" message="Nicht verwendeter Import - org.springframework.hateoas.support.WebStack.WEBMVC." source="com.puppycrawl.tools.checkstyle.checks.imports.UnusedImportsCheck"/>
</file>
<file name="C:\Users\kenan\IdeaProjects\Krankenhaus\src\main\java\com\acme\Krankenhaus\config\ApplicationConfig.java">
<error line="19" column="8" severity="error" message="Nicht verwendeter Import - org.springframework.aot.hint.RuntimeHints." source="com.puppycrawl.tools.checkstyle.checks.imports.UnusedImportsCheck"/>
<error line="20" column="8" severity="error" message="Nicht verwendeter Import - org.springframework.aot.hint.RuntimeHintsRegistrar." source="com.puppycrawl.tools.checkstyle.checks.imports.UnusedImportsCheck"/>
<error line="37" column="5" severity="error" message="&apos;class def rcurly&apos; hat eine unerwartete Einrückungstiefe von 4 (erwartet: 0)." source="com.puppycrawl.tools.checkstyle.checks.indentation.IndentationCheck"/>
</file>
<file name="C:\Users\kenan\IdeaProjects\Krankenhaus\src\main\java\com\acme\Krankenhaus\controller\GetKrankenhausController.java">
<error line="16" column="1" severity="error" message="Falsche Reihenfolge des Imports von &apos;java.util.List&apos;." source="com.puppycrawl.tools.checkstyle.checks.imports.ImportOrderCheck"/>
<error line="16" column="1" severity="error" message="Zusätzliche Trennung in der Importgruppe vor &apos;java.util.List&apos;" source="com.puppycrawl.tools.checkstyle.checks.imports.ImportOrderCheck"/>
<error line="18" column="1" severity="error" message="Zusätzliche Trennung in der Importgruppe vor &apos;org.springframework.http.MediaType.APPLICATION_JSON_VALUE&apos;" source="com.puppycrawl.tools.checkstyle.checks.imports.ImportOrderCheck"/>
</file>
<file name="C:\Users\kenan\IdeaProjects\Krankenhaus\src\main\java\com\acme\Krankenhaus\entity\Krankenhaus.java">
<error line="11" column="11" severity="error" message="Modifier &apos;private&apos; weicht von der empfohlenen Modifier-Reihenfolge der Java Language Specification ab." source="com.puppycrawl.tools.checkstyle.checks.modifier.ModifierOrderCheck"/>
<error line="56" column="25" severity="error" message="Der Parameter name sollte als &apos;final&apos; deklariert sein." source="com.puppycrawl.tools.checkstyle.checks.FinalParametersCheck"/>
<error line="74" column="28" severity="error" message="Der Parameter lageort sollte als &apos;final&apos; deklariert sein." source="com.puppycrawl.tools.checkstyle.checks.FinalParametersCheck"/>
<error line="92" column="31" severity="error" message="Der Parameter kapazitaet sollte als &apos;final&apos; deklariert sein." source="com.puppycrawl.tools.checkstyle.checks.FinalParametersCheck"/>
<error line="110" column="28" severity="error" message="Der Parameter patient sollte als &apos;final&apos; deklariert sein." source="com.puppycrawl.tools.checkstyle.checks.FinalParametersCheck"/>
<error line="115" column="27" severity="error" message="Der Parameter o sollte als &apos;final&apos; deklariert sein." source="com.puppycrawl.tools.checkstyle.checks.FinalParametersCheck"/>
<error line="116" column="9" severity="error" message="Das Konstrukt &apos;if&apos; muss geschweifte Klammern &apos;{}&apos; verwenden." source="com.puppycrawl.tools.checkstyle.checks.blocks.NeedBracesCheck"/>
<error line="117" column="9" severity="error" message="Das Konstrukt &apos;if&apos; muss geschweifte Klammern &apos;{}&apos; verwenden." source="com.puppycrawl.tools.checkstyle.checks.blocks.NeedBracesCheck"/>
<error line="118" column="21" severity="error" message="Die Variable &apos;that&apos; sollte als final deklariert werden." source="com.puppycrawl.tools.checkstyle.checks.coding.FinalLocalVariableCheck"/>
</file>
<file name="C:\Users\kenan\IdeaProjects\Krankenhaus\src\main\java\com\acme\Krankenhaus\entity\Lageort.java">
<error line="40" column="26" severity="error" message="Der Parameter stadt sollte als &apos;final&apos; deklariert sein." source="com.puppycrawl.tools.checkstyle.checks.FinalParametersCheck"/>
<error line="58" column="28" severity="error" message="Der Parameter strasse sollte als &apos;final&apos; deklariert sein." source="com.puppycrawl.tools.checkstyle.checks.FinalParametersCheck"/>
<error line="76" column="24" severity="error" message="Der Parameter plz sollte als &apos;final&apos; deklariert sein." source="com.puppycrawl.tools.checkstyle.checks.FinalParametersCheck"/>
<error line="81" column="27" severity="error" message="Der Parameter o sollte als &apos;final&apos; deklariert sein." source="com.puppycrawl.tools.checkstyle.checks.FinalParametersCheck"/>
<error line="82" column="9" severity="error" message="Das Konstrukt &apos;if&apos; muss geschweifte Klammern &apos;{}&apos; verwenden." source="com.puppycrawl.tools.checkstyle.checks.blocks.NeedBracesCheck"/>
<error line="83" column="9" severity="error" message="Das Konstrukt &apos;if&apos; muss geschweifte Klammern &apos;{}&apos; verwenden." source="com.puppycrawl.tools.checkstyle.checks.blocks.NeedBracesCheck"/>
<error line="84" column="17" severity="error" message="Die Variable &apos;lageort&apos; sollte als final deklariert werden." source="com.puppycrawl.tools.checkstyle.checks.coding.FinalLocalVariableCheck"/>
</file>
<file name="C:\Users\kenan\IdeaProjects\Krankenhaus\src\main\java\com\acme\Krankenhaus\entity\Patient.java">
<error line="43" column="28" severity="error" message="Der Parameter vorname sollte als &apos;final&apos; deklariert sein." source="com.puppycrawl.tools.checkstyle.checks.FinalParametersCheck"/>
<error line="61" column="29" severity="error" message="Der Parameter nachname sollte als &apos;final&apos; deklariert sein." source="com.puppycrawl.tools.checkstyle.checks.FinalParametersCheck"/>
<error line="79" column="26" severity="error" message="Der Parameter alter sollte als &apos;final&apos; deklariert sein." source="com.puppycrawl.tools.checkstyle.checks.FinalParametersCheck"/>
<error line="97" column="35" severity="error" message="Der Parameter krankheitsbild sollte als &apos;final&apos; deklariert sein." source="com.puppycrawl.tools.checkstyle.checks.FinalParametersCheck"/>
<error line="102" column="27" severity="error" message="Der Parameter o sollte als &apos;final&apos; deklariert sein." source="com.puppycrawl.tools.checkstyle.checks.FinalParametersCheck"/>
<error line="103" column="9" severity="error" message="Das Konstrukt &apos;if&apos; muss geschweifte Klammern &apos;{}&apos; verwenden." source="com.puppycrawl.tools.checkstyle.checks.blocks.NeedBracesCheck"/>
<error line="104" column="9" severity="error" message="Das Konstrukt &apos;if&apos; muss geschweifte Klammern &apos;{}&apos; verwenden." source="com.puppycrawl.tools.checkstyle.checks.blocks.NeedBracesCheck"/>
<error line="105" column="17" severity="error" message="Die Variable &apos;patient&apos; sollte als final deklariert werden." source="com.puppycrawl.tools.checkstyle.checks.coding.FinalLocalVariableCheck"/>
</file>
<file name="C:\Users\kenan\IdeaProjects\Krankenhaus\src\main\java\com\acme\Krankenhaus\repository\KrankenhausBuilder.java">
<error line="7" column="1" severity="error" message="Zusätzliche Trennung in der Importgruppe vor &apos;java.util.List&apos;" source="com.puppycrawl.tools.checkstyle.checks.imports.ImportOrderCheck"/>
<error line="15" column="49" severity="error" message="Vor &apos;(&apos; befindet sich ein Leerzeichen." source="com.puppycrawl.tools.checkstyle.checks.whitespace.MethodParamPadCheck"/>
<error line="15" column="51" severity="error" message="Vor &apos;{&apos; fehlt ein Leerzeichen." source="com.puppycrawl.tools.checkstyle.checks.whitespace.WhitespaceAroundCheck"/>
<error line="19" column="39" severity="error" message="Der Parameter name sollte als &apos;final&apos; deklariert sein." source="com.puppycrawl.tools.checkstyle.checks.FinalParametersCheck"/>
<error line="24" column="42" severity="error" message="Der Parameter lageort sollte als &apos;final&apos; deklariert sein." source="com.puppycrawl.tools.checkstyle.checks.FinalParametersCheck"/>
<error line="29" column="45" severity="error" message="Der Parameter kapazitaet sollte als &apos;final&apos; deklariert sein." source="com.puppycrawl.tools.checkstyle.checks.FinalParametersCheck"/>
<error line="35" column="42" severity="error" message="Der Parameter patient sollte als &apos;final&apos; deklariert sein." source="com.puppycrawl.tools.checkstyle.checks.FinalParametersCheck"/>
</file>
<file name="C:\Users\kenan\IdeaProjects\Krankenhaus\src\main\java\com\acme\Krankenhaus\repository\KrankenhausDB.java">
<error line="4" column="8" severity="error" message="Nicht verwendeter Import - java.math.BigDecimal." source="com.puppycrawl.tools.checkstyle.checks.imports.UnusedImportsCheck"/>
<error line="5" column="8" severity="error" message="Nicht verwendeter Import - java.net.MalformedURLException." source="com.puppycrawl.tools.checkstyle.checks.imports.UnusedImportsCheck"/>
<error line="6" column="8" severity="error" message="Nicht verwendeter Import - java.net.URI." source="com.puppycrawl.tools.checkstyle.checks.imports.UnusedImportsCheck"/>
<error line="7" column="8" severity="error" message="Nicht verwendeter Import - java.net.URL." source="com.puppycrawl.tools.checkstyle.checks.imports.UnusedImportsCheck"/>
<error line="8" column="8" severity="error" message="Nicht verwendeter Import - java.time.LocalDate." source="com.puppycrawl.tools.checkstyle.checks.imports.UnusedImportsCheck"/>
<error line="9" column="8" severity="error" message="Nicht verwendeter Import - java.util.Currency." source="com.puppycrawl.tools.checkstyle.checks.imports.UnusedImportsCheck"/>
<error line="11" column="8" severity="error" message="Nicht verwendeter Import - java.util.UUID." source="com.puppycrawl.tools.checkstyle.checks.imports.UnusedImportsCheck"/>
<error line="14" column="15" severity="error" message="Nicht verwendeter Import - java.math.BigDecimal.ZERO." source="com.puppycrawl.tools.checkstyle.checks.imports.UnusedImportsCheck"/>
<error line="15" column="15" severity="error" message="Nicht verwendeter Import - java.util.Collections.emptyList." source="com.puppycrawl.tools.checkstyle.checks.imports.UnusedImportsCheck"/>
<error line="16" column="15" severity="error" message="Nicht verwendeter Import - java.util.Locale.GERMANY." source="com.puppycrawl.tools.checkstyle.checks.imports.UnusedImportsCheck"/>
<error line="33" severity="info" message="Zeile ist 136 Zeichen lang (Obergrenze ist 120)." source="com.puppycrawl.tools.checkstyle.checks.sizes.LineLengthCheck"/>
<error line="35" severity="info" message="Zeile ist 153 Zeichen lang (Obergrenze ist 120)." source="com.puppycrawl.tools.checkstyle.checks.sizes.LineLengthCheck"/>
</file>
<file name="C:\Users\kenan\IdeaProjects\Krankenhaus\src\main\java\com\acme\Krankenhaus\repository\KrankenhausRepository.java">
<error line="4" column="8" severity="error" message="Nicht verwendeter Import - com.acme.Krankenhaus.service.KrankenhausReadService." source="com.puppycrawl.tools.checkstyle.checks.imports.UnusedImportsCheck"/>
<error line="10" column="1" severity="error" message="Falsche Reihenfolge des Imports von &apos;java.util.List&apos;." source="com.puppycrawl.tools.checkstyle.checks.imports.ImportOrderCheck"/>
<error line="10" column="1" severity="error" message="Zusätzliche Trennung in der Importgruppe vor &apos;java.util.List&apos;" source="com.puppycrawl.tools.checkstyle.checks.imports.ImportOrderCheck"/>
<error line="14" column="1" severity="error" message="Zusätzliche Trennung in der Importgruppe vor &apos;com.acme.Krankenhaus.repository.KrankenhausDB.KRANKENHAUSER&apos;" source="com.puppycrawl.tools.checkstyle.checks.imports.ImportOrderCheck"/>
<error line="31" column="31" severity="error" message="Die Variable &apos;krankenhaus&apos; sollte als final deklariert werden." source="com.puppycrawl.tools.checkstyle.checks.coding.FinalLocalVariableCheck"/>
</file>
<file name="C:\Users\kenan\IdeaProjects\Krankenhaus\src\main\java\com\acme\Krankenhaus\repository\LageortBuilder.java">
<error line="10" column="45" severity="error" message="Vor &apos;(&apos; befindet sich ein Leerzeichen." source="com.puppycrawl.tools.checkstyle.checks.whitespace.MethodParamPadCheck"/>
<error line="10" column="47" severity="error" message="Vor &apos;{&apos; fehlt ein Leerzeichen." source="com.puppycrawl.tools.checkstyle.checks.whitespace.WhitespaceAroundCheck"/>
<error line="14" column="36" severity="error" message="Der Parameter stadt sollte als &apos;final&apos; deklariert sein." source="com.puppycrawl.tools.checkstyle.checks.FinalParametersCheck"/>
<error line="19" column="38" severity="error" message="Der Parameter strasse sollte als &apos;final&apos; deklariert sein." source="com.puppycrawl.tools.checkstyle.checks.FinalParametersCheck"/>
<error line="24" column="34" severity="error" message="Der Parameter plz sollte als &apos;final&apos; deklariert sein." source="com.puppycrawl.tools.checkstyle.checks.FinalParametersCheck"/>
</file>
<file name="C:\Users\kenan\IdeaProjects\Krankenhaus\src\main\java\com\acme\Krankenhaus\repository\PatientBuilder.java">
<error line="11" column="45" severity="error" message="Vor &apos;(&apos; befindet sich ein Leerzeichen." source="com.puppycrawl.tools.checkstyle.checks.whitespace.MethodParamPadCheck"/>
<error line="11" column="47" severity="error" message="Vor &apos;{&apos; fehlt ein Leerzeichen." source="com.puppycrawl.tools.checkstyle.checks.whitespace.WhitespaceAroundCheck"/>
<error line="15" column="38" severity="error" message="Der Parameter vorname sollte als &apos;final&apos; deklariert sein." source="com.puppycrawl.tools.checkstyle.checks.FinalParametersCheck"/>
<error line="20" column="39" severity="error" message="Der Parameter nachname sollte als &apos;final&apos; deklariert sein." source="com.puppycrawl.tools.checkstyle.checks.FinalParametersCheck"/>
<error line="25" column="36" severity="error" message="Der Parameter alter sollte als &apos;final&apos; deklariert sein." source="com.puppycrawl.tools.checkstyle.checks.FinalParametersCheck"/>
<error line="30" column="45" severity="error" message="Der Parameter krankheitsbild sollte als &apos;final&apos; deklariert sein." source="com.puppycrawl.tools.checkstyle.checks.FinalParametersCheck"/>
</file>
<file name="C:\Users\kenan\IdeaProjects\Krankenhaus\src\main\java\com\acme\Krankenhaus\service\KrankenhausReadService.java">
<error line="1" severity="error" message="Es fehlt eine package-info.java." source="com.puppycrawl.tools.checkstyle.checks.javadoc.JavadocPackageCheck"/>
<error line="10" column="1" severity="error" message="Falsche Reihenfolge des Imports von &apos;java.util.List&apos;." source="com.puppycrawl.tools.checkstyle.checks.imports.ImportOrderCheck"/>
<error line="10" column="1" severity="error" message="Zusätzliche Trennung in der Importgruppe vor &apos;java.util.List&apos;" source="com.puppycrawl.tools.checkstyle.checks.imports.ImportOrderCheck"/>
<error line="18" column="34" severity="error" message="Nach &apos;(&apos; folgt ein Leerzeichen." source="com.puppycrawl.tools.checkstyle.checks.whitespace.ParenPadCheck"/>
<error line="25" column="27" severity="error" message="Die Variable &apos;krankenhauser&apos; sollte als final deklariert werden." source="com.puppycrawl.tools.checkstyle.checks.coding.FinalLocalVariableCheck"/>
<error line="33" column="41" severity="error" message="Der Parameter id sollte als &apos;final&apos; deklariert sein." source="com.puppycrawl.tools.checkstyle.checks.FinalParametersCheck"/>
<error line="36" column="21" severity="error" message="Die Variable &apos;krankenhaus&apos; sollte als final deklariert werden." source="com.puppycrawl.tools.checkstyle.checks.coding.FinalLocalVariableCheck"/>
</file>
</checkstyle>
